[2023-01-19 22:46:59.598+01:00][14900][info] enbImgLoader createad by kingeric1992 (Dec.12.2022)
[2023-01-19 22:46:59.598+01:00][14900][info] dir C:\Steam Games\steamapps\common\Skyrim Special Edition\enbseries\
[2023-01-19 22:46:59.598+01:00][14900][info] config path C:\Steam Games\steamapps\common\Skyrim Special Edition\enbseries\enbImgLoader.ini
[2023-01-19 22:46:59.598+01:00][14900][info] ENB linked.
[2023-01-19 22:47:18.261+01:00][14900][info] ENB_PostLoad
[2023-01-19 22:47:18.261+01:00][14900][info] ENB_PostLoad
[2023-01-19 22:47:18.261+01:00][14900][info] ENB_OnInit
[2023-01-19 22:47:47.518+01:00][16356][info] ENB_PreReset
[2023-01-19 22:47:54.621+01:00][16356][info] ENB_PostLoad
[2023-01-19 22:47:54.621+01:00][16356][info] ENB_PostReset
[2023-01-19 22:47:54.629+01:00][16356][info] Building [lut/ENBEFFECTPOSTPASS.FX/|  Select Lut]
[2023-01-19 22:47:54.629+01:00][16356][info] 
    Texture  Name:    [lut]
    Shader   Name:    [ENBEFFECTPOSTPASS.FX]
    Dropdown UIName:  [|  Select Lut]
    Param    UIName:  [|  Select Lut_p]

[2023-01-19 22:47:54.633+01:00][6392][info] Image Loaded ( 1024,   32)A ".\enbseries\Include\Textures\2Strip.png"
[2023-01-19 22:47:54.633+01:00][16356][info] Image Loaded ( 1024,   32)A ".\enbseries\Include\Textures\Ebony.png"
[2023-01-19 22:47:54.633+01:00][6180][info] Image Loaded ( 1024,   32)A ".\enbseries\Include\Textures\Royal.png"
[2023-01-19 22:47:54.633+01:00][13812][info] Image Loaded ( 1024,   32)A ".\enbseries\Include\Textures\Desert.png"
[2023-01-19 22:47:54.633+01:00][17232][info] Image Loaded ( 1024,   32)A ".\enbseries\Include\Textures\Vivid.png"
[2023-01-19 22:47:54.634+01:00][16356][info] Image Loaded ( 1024,   32)A ".\enbseries\Include\Textures\B&W.png"
[2023-01-19 22:47:54.634+01:00][6392][info] Image Loaded ( 1024,   32)A ".\enbseries\Include\Textures\Rainforest.png"
[2023-01-19 22:49:32.776+01:00][14900][info] ENB_PostLoad
[2023-01-19 22:49:32.793+01:00][14900][info] Unbind lut:[ENBEFFECTPOSTPASS.FX|  Select Lut]
[2023-01-19 22:49:32.793+01:00][14900][info] Building [lut/ENBEFFECTPOSTPASS.FX/|  Select Lut]
[2023-01-19 22:49:32.793+01:00][14900][info] 
    Texture  Name:    [lut]
    Shader   Name:    [ENBEFFECTPOSTPASS.FX]
    Dropdown UIName:  [|  Select Lut]
    Param    UIName:  [|  Select Lut_p]

[2023-01-19 22:49:32.795+01:00][6180][info] Image Loaded ( 1024,   32)A ".\enbseries\Include\Textures\2Strip.png"
[2023-01-19 22:49:32.795+01:00][17232][info] Image Loaded ( 1024,   32)A ".\enbseries\Include\Textures\Desert.png"
[2023-01-19 22:49:32.795+01:00][6392][info] Image Loaded ( 1024,   32)A ".\enbseries\Include\Textures\Royal.png"
[2023-01-19 22:49:32.795+01:00][13812][info] Image Loaded ( 1024,   32)A ".\enbseries\Include\Textures\Vivid.png"
[2023-01-19 22:49:32.796+01:00][13260][info] Image Loaded ( 1024,   32)A ".\enbseries\Include\Textures\Rainforest.png"
[2023-01-19 22:49:32.796+01:00][6180][info] Image Loaded ( 1024,   32)A ".\enbseries\Include\Textures\B&W.png"
[2023-01-19 22:49:32.796+01:00][14900][info] Image Loaded ( 1024,   32)A ".\enbseries\Include\Textures\Ebony.png"
[2023-01-19 22:50:01.361+01:00][14900][info] ENB_PostSave
[2023-01-19 22:50:40.759+01:00][14900][info] ENB_PostLoad
[2023-01-19 22:50:40.766+01:00][14900][info] Unbind lut:[ENBEFFECTPOSTPASS.FX|  Select Lut]
[2023-01-19 22:50:40.766+01:00][14900][info] Building [lut/ENBEFFECTPOSTPASS.FX/|  Select Lut]
[2023-01-19 22:50:40.766+01:00][14900][info] 
    Texture  Name:    [lut]
    Shader   Name:    [ENBEFFECTPOSTPASS.FX]
    Dropdown UIName:  [|  Select Lut]
    Param    UIName:  [|  Select Lut_p]

[2023-01-19 22:50:40.768+01:00][13812][info] Image Loaded ( 1024,   32)A ".\enbseries\Include\Textures\2Strip.png"
[2023-01-19 22:50:40.768+01:00][14900][info] Image Loaded ( 1024,   32)A ".\enbseries\Include\Textures\Ebony.png"
[2023-01-19 22:50:40.768+01:00][6180][info] Image Loaded ( 1024,   32)A ".\enbseries\Include\Textures\Desert.png"
[2023-01-19 22:50:40.768+01:00][6392][info] Image Loaded ( 1024,   32)A ".\enbseries\Include\Textures\Royal.png"
[2023-01-19 22:50:40.769+01:00][8760][info] Image Loaded ( 1024,   32)A ".\enbseries\Include\Textures\B&W.png"
[2023-01-19 22:50:40.769+01:00][13260][info] Image Loaded ( 1024,   32)A ".\enbseries\Include\Textures\Vivid.png"
[2023-01-19 22:50:40.769+01:00][17232][info] Image Loaded ( 1024,   32)A ".\enbseries\Include\Textures\Rainforest.png"
[2023-01-19 22:51:05.351+01:00][14900][info] ENB_PostSave
[2023-01-19 22:51:26.986+01:00][14900][info] ENB_PostSave
[2023-01-19 22:53:26.271+01:00][14900][info] ENB_PostLoad
[2023-01-19 22:53:26.279+01:00][14900][info] Unbind lut:[ENBEFFECTPOSTPASS.FX|  Select Lut]
[2023-01-19 22:53:26.279+01:00][14900][info] Building [lut/ENBEFFECTPOSTPASS.FX/|  Select Lut]
[2023-01-19 22:53:26.279+01:00][14900][info] 
    Texture  Name:    [lut]
    Shader   Name:    [ENBEFFECTPOSTPASS.FX]
    Dropdown UIName:  [|  Select Lut]
    Param    UIName:  [|  Select Lut_p]

[2023-01-19 22:53:26.280+01:00][8760][info] Image Loaded ( 1024,   32)A ".\enbseries\Include\Textures\2Strip.png"
[2023-01-19 22:53:26.281+01:00][14428][info] Image Loaded ( 1024,   32)A ".\enbseries\Include\Textures\Desert.png"
[2023-01-19 22:53:26.281+01:00][2724][info] Image Loaded ( 1024,   32)A ".\enbseries\Include\Textures\Vivid.png"
[2023-01-19 22:53:26.281+01:00][13260][info] Image Loaded ( 1024,   32)A ".\enbseries\Include\Textures\Royal.png"
[2023-01-19 22:53:26.282+01:00][8760][info] Image Loaded ( 1024,   32)A ".\enbseries\Include\Textures\Rainforest.png"
[2023-01-19 22:53:26.282+01:00][14428][info] Image Loaded ( 1024,   32)A ".\enbseries\Include\Textures\B&W.png"
[2023-01-19 22:53:26.283+01:00][14900][info] Image Loaded ( 1024,   32)A ".\enbseries\Include\Textures\Ebony.png"
[2023-01-19 22:54:18.598+01:00][14900][info] ENB_PostSave
[2023-01-19 22:55:46.984+01:00][14900][info] ENB_PostLoad
[2023-01-19 22:55:47.006+01:00][14900][info] Unbind lut:[ENBEFFECTPOSTPASS.FX|  Select Lut]
[2023-01-19 22:55:47.006+01:00][14900][info] Building [lut/ENBEFFECTPOSTPASS.FX/|  Select Lut]
[2023-01-19 22:55:47.006+01:00][14900][info] 
    Texture  Name:    [lut]
    Shader   Name:    [ENBEFFECTPOSTPASS.FX]
    Dropdown UIName:  [|  Select Lut]
    Param    UIName:  [|  Select Lut_p]

[2023-01-19 22:55:47.008+01:00][10040][info] Image Loaded ( 1024,   32)A ".\enbseries\Include\Textures\2Strip.png"
[2023-01-19 22:55:47.008+01:00][8760][info] Image Loaded ( 1024,   32)A ".\enbseries\Include\Textures\Desert.png"
[2023-01-19 22:55:47.008+01:00][13260][info] Image Loaded ( 1024,   32)A ".\enbseries\Include\Textures\Royal.png"
[2023-01-19 22:55:47.008+01:00][14428][info] Image Loaded ( 1024,   32)A ".\enbseries\Include\Textures\Vivid.png"
[2023-01-19 22:55:47.009+01:00][10472][info] Image Loaded ( 1024,   32)A ".\enbseries\Include\Textures\Rainforest.png"
[2023-01-19 22:55:47.009+01:00][10040][info] Image Loaded ( 1024,   32)A ".\enbseries\Include\Textures\B&W.png"
[2023-01-19 22:55:47.009+01:00][14900][info] Image Loaded ( 1024,   32)A ".\enbseries\Include\Textures\Ebony.png"
[2023-01-19 22:56:52.017+01:00][14900][info] ENB_PostSave
[2023-01-19 22:56:58.188+01:00][14900][info] ENB_PostLoad
[2023-01-19 22:56:58.209+01:00][14900][info] Unbind lut:[ENBEFFECTPOSTPASS.FX|  Select Lut]
[2023-01-19 22:56:58.209+01:00][14900][info] Building [lut/ENBEFFECTPOSTPASS.FX/|  Select Lut]
[2023-01-19 22:56:58.209+01:00][14900][info] 
    Texture  Name:    [lut]
    Shader   Name:    [ENBEFFECTPOSTPASS.FX]
    Dropdown UIName:  [|  Select Lut]
    Param    UIName:  [|  Select Lut_p]

[2023-01-19 22:56:58.211+01:00][10040][info] Image Loaded ( 1024,   32)A ".\enbseries\Include\Textures\2Strip.png"
[2023-01-19 22:56:58.211+01:00][13260][info] Image Loaded ( 1024,   32)A ".\enbseries\Include\Textures\Desert.png"
[2023-01-19 22:56:58.211+01:00][14428][info] Image Loaded ( 1024,   32)A ".\enbseries\Include\Textures\Royal.png"
[2023-01-19 22:56:58.211+01:00][8760][info] Image Loaded ( 1024,   32)A ".\enbseries\Include\Textures\Vivid.png"
[2023-01-19 22:56:58.212+01:00][17744][info] Image Loaded ( 1024,   32)A ".\enbseries\Include\Textures\B&W.png"
[2023-01-19 22:56:58.212+01:00][10472][info] Image Loaded ( 1024,   32)A ".\enbseries\Include\Textures\Rainforest.png"
[2023-01-19 22:56:58.213+01:00][14900][info] Image Loaded ( 1024,   32)A ".\enbseries\Include\Textures\Ebony.png"
[2023-01-19 22:57:59.040+01:00][14900][info] ENB_PostSave
[2023-01-19 22:58:18.026+01:00][14900][info] ENB_PostSave
[2023-01-19 22:58:36.932+01:00][14900][info] ENB_PostLoad
[2023-01-19 22:58:36.957+01:00][14900][info] Unbind lut:[ENBEFFECTPOSTPASS.FX|  Select Lut]
[2023-01-19 22:58:36.957+01:00][14900][info] Building [lut/ENBEFFECTPOSTPASS.FX/|  Select Lut]
[2023-01-19 22:58:36.957+01:00][14900][info] 
    Texture  Name:    [lut]
    Shader   Name:    [ENBEFFECTPOSTPASS.FX]
    Dropdown UIName:  [|  Select Lut]
    Param    UIName:  [|  Select Lut_p]

[2023-01-19 22:58:36.959+01:00][10472][info] Image Loaded ( 1024,   32)A ".\enbseries\Include\Textures\2Strip.png"
[2023-01-19 22:58:36.959+01:00][17744][info] Image Loaded ( 1024,   32)A ".\enbseries\Include\Textures\Desert.png"
[2023-01-19 22:58:36.959+01:00][14900][info] Image Loaded ( 1024,   32)A ".\enbseries\Include\Textures\Ebony.png"
[2023-01-19 22:58:36.959+01:00][8760][info] Image Loaded ( 1024,   32)A ".\enbseries\Include\Textures\Royal.png"
[2023-01-19 22:58:36.960+01:00][14428][info] Image Loaded ( 1024,   32)A ".\enbseries\Include\Textures\Vivid.png"
[2023-01-19 22:58:36.960+01:00][10040][info] Image Loaded ( 1024,   32)A ".\enbseries\Include\Textures\B&W.png"
[2023-01-19 22:58:36.960+01:00][13260][info] Image Loaded ( 1024,   32)A ".\enbseries\Include\Textures\Rainforest.png"
[2023-01-19 22:59:17.899+01:00][14900][info] ENB_PostSave
[2023-01-19 23:04:20.678+01:00][14900][info] ENB_PostLoad
[2023-01-19 23:04:20.695+01:00][14900][info] Unbind lut:[ENBEFFECTPOSTPASS.FX|  Select Lut]
[2023-01-19 23:04:20.695+01:00][14900][info] Building [lut/ENBEFFECTPOSTPASS.FX/|  Select Lut]
[2023-01-19 23:04:20.695+01:00][14900][info] 
    Texture  Name:    [lut]
    Shader   Name:    [ENBEFFECTPOSTPASS.FX]
    Dropdown UIName:  [|  Select Lut]
    Param    UIName:  [|  Select Lut_p]

[2023-01-19 23:04:20.697+01:00][14428][info] Image Loaded ( 1024,   32)A ".\enbseries\Include\Textures\2Strip.png"
[2023-01-19 23:04:20.697+01:00][16308][info] Image Loaded ( 1024,   32)A ".\enbseries\Include\Textures\Desert.png"
[2023-01-19 23:04:20.698+01:00][1236][info] Image Loaded ( 1024,   32)A ".\enbseries\Include\Textures\Royal.png"
[2023-01-19 23:04:20.698+01:00][16708][info] Image Loaded ( 1024,   32)A ".\enbseries\Include\Textures\Vivid.png"
[2023-01-19 23:04:20.699+01:00][16308][info] Image Loaded ( 1024,   32)A ".\enbseries\Include\Textures\B&W.png"
[2023-01-19 23:04:20.699+01:00][14428][info] Image Loaded ( 1024,   32)A ".\enbseries\Include\Textures\Rainforest.png"
[2023-01-19 23:04:20.699+01:00][14900][info] Image Loaded ( 1024,   32)A ".\enbseries\Include\Textures\Ebony.png"
[2023-01-19 23:04:33.665+01:00][14900][info] ENB_PostSave
[2023-01-19 23:04:52.402+01:00][14900][info] ENB_PostSave
[2023-01-19 23:05:01.168+01:00][14900][info] ENB_PostSave
[2023-01-19 23:05:48.256+01:00][14900][info] ENB_PostLoad
[2023-01-19 23:05:48.272+01:00][14900][info] Unbind lut:[ENBEFFECTPOSTPASS.FX|  Select Lut]
[2023-01-19 23:05:48.272+01:00][14900][info] Building [lut/ENBEFFECTPOSTPASS.FX/|  Select Lut]
[2023-01-19 23:05:48.273+01:00][14900][info] 
    Texture  Name:    [lut]
    Shader   Name:    [ENBEFFECTPOSTPASS.FX]
    Dropdown UIName:  [|  Select Lut]
    Param    UIName:  [|  Select Lut_p]

[2023-01-19 23:05:48.274+01:00][14428][info] Image Loaded ( 1024,   32)A ".\enbseries\Include\Textures\2Strip.png"
[2023-01-19 23:05:48.274+01:00][16708][info] Image Loaded ( 1024,   32)A ".\enbseries\Include\Textures\Desert.png"
[2023-01-19 23:05:48.274+01:00][14900][info] Image Loaded ( 1024,   32)A ".\enbseries\Include\Textures\Ebony.png"
[2023-01-19 23:05:48.275+01:00][16308][info] Image Loaded ( 1024,   32)A ".\enbseries\Include\Textures\Royal.png"
[2023-01-19 23:05:48.275+01:00][1236][info] Image Loaded ( 1024,   32)A ".\enbseries\Include\Textures\Vivid.png"
[2023-01-19 23:05:48.276+01:00][13808][info] Image Loaded ( 1024,   32)A ".\enbseries\Include\Textures\Rainforest.png"
[2023-01-19 23:05:48.276+01:00][14428][info] Image Loaded ( 1024,   32)A ".\enbseries\Include\Textures\B&W.png"
[2023-01-19 23:06:12.124+01:00][14900][info] ENB_PostSave
[2023-01-19 23:07:36.812+01:00][14900][info] ENB_PostSave
[2023-01-19 23:08:52.318+01:00][14900][info] ENB_PostLoad
[2023-01-19 23:08:52.332+01:00][14900][info] Unbind lut:[ENBEFFECTPOSTPASS.FX|  Select Lut]
[2023-01-19 23:08:52.332+01:00][14900][info] Building [lut/ENBEFFECTPOSTPASS.FX/|  Select Lut]
[2023-01-19 23:08:52.332+01:00][14900][info] 
    Texture  Name:    [lut]
    Shader   Name:    [ENBEFFECTPOSTPASS.FX]
    Dropdown UIName:  [|  Select Lut]
    Param    UIName:  [|  Select Lut_p]

[2023-01-19 23:08:52.334+01:00][1236][info] Image Loaded ( 1024,   32)A ".\enbseries\Include\Textures\2Strip.png"
[2023-01-19 23:08:52.334+01:00][14900][info] Image Loaded ( 1024,   32)A ".\enbseries\Include\Textures\Ebony.png"
[2023-01-19 23:08:52.334+01:00][14428][info] Image Loaded ( 1024,   32)A ".\enbseries\Include\Textures\Desert.png"
[2023-01-19 23:08:52.335+01:00][5552][info] Image Loaded ( 1024,   32)A ".\enbseries\Include\Textures\Vivid.png"
[2023-01-19 23:08:52.336+01:00][16964][info] Image Loaded ( 1024,   32)A ".\enbseries\Include\Textures\Royal.png"
[2023-01-19 23:08:52.336+01:00][1236][info] Image Loaded ( 1024,   32)A ".\enbseries\Include\Textures\Rainforest.png"
[2023-01-19 23:08:52.336+01:00][14900][info] Image Loaded ( 1024,   32)A ".\enbseries\Include\Textures\B&W.png"
[2023-01-19 23:09:02.752+01:00][14900][info] ENB_PostSave
[2023-01-19 23:35:46.456+01:00][14900][info] ENB_PostLoad
[2023-01-19 23:35:46.476+01:00][14900][info] Unbind lut:[ENBEFFECTPOSTPASS.FX|  Select Lut]
[2023-01-19 23:35:46.476+01:00][14900][info] Building [lut/ENBEFFECTPOSTPASS.FX/|  Select Lut]
[2023-01-19 23:35:46.476+01:00][14900][info] 
    Texture  Name:    [lut]
    Shader   Name:    [ENBEFFECTPOSTPASS.FX]
    Dropdown UIName:  [|  Select Lut]
    Param    UIName:  [|  Select Lut_p]

[2023-01-19 23:35:46.477+01:00][10864][info] Image Loaded ( 1024,   32)A ".\enbseries\Include\Textures\2Strip.png"
[2023-01-19 23:35:46.478+01:00][4560][info] Image Loaded ( 1024,   32)A ".\enbseries\Include\Textures\Desert.png"
[2023-01-19 23:35:46.478+01:00][3424][info] Image Loaded ( 1024,   32)A ".\enbseries\Include\Textures\Royal.png"
[2023-01-19 23:35:46.478+01:00][9012][info] Image Loaded ( 1024,   32)A ".\enbseries\Include\Textures\Vivid.png"
[2023-01-19 23:35:46.479+01:00][10864][info] Image Loaded ( 1024,   32)A ".\enbseries\Include\Textures\Rainforest.png"
[2023-01-19 23:35:46.479+01:00][4560][info] Image Loaded ( 1024,   32)A ".\enbseries\Include\Textures\B&W.png"
[2023-01-19 23:35:46.479+01:00][14900][info] Image Loaded ( 1024,   32)A ".\enbseries\Include\Textures\Ebony.png"
[2023-01-19 23:36:24.528+01:00][14900][info] ENB_PostSave
[2023-01-19 23:41:52.934+01:00][14900][info] ENB_PostLoad
[2023-01-19 23:41:52.960+01:00][14900][info] Unbind lut:[ENBEFFECTPOSTPASS.FX|  Select Lut]
[2023-01-19 23:41:52.960+01:00][14900][info] Building [lut/ENBEFFECTPOSTPASS.FX/|  Select Lut]
[2023-01-19 23:41:52.960+01:00][14900][info] 
    Texture  Name:    [lut]
    Shader   Name:    [ENBEFFECTPOSTPASS.FX]
    Dropdown UIName:  [|  Select Lut]
    Param    UIName:  [|  Select Lut_p]

[2023-01-19 23:41:52.962+01:00][10864][info] Image Loaded ( 1024,   32)A ".\enbseries\Include\Textures\2Strip.png"
[2023-01-19 23:41:52.962+01:00][4560][info] Image Loaded ( 1024,   32)A ".\enbseries\Include\Textures\Desert.png"
[2023-01-19 23:41:52.962+01:00][12064][info] Image Loaded ( 1024,   32)A ".\enbseries\Include\Textures\Royal.png"
[2023-01-19 23:41:52.963+01:00][11880][info] Image Loaded ( 1024,   32)A ".\enbseries\Include\Textures\Vivid.png"
[2023-01-19 23:41:52.963+01:00][10864][info] Image Loaded ( 1024,   32)A ".\enbseries\Include\Textures\Rainforest.png"
[2023-01-19 23:41:52.963+01:00][4560][info] Image Loaded ( 1024,   32)A ".\enbseries\Include\Textures\B&W.png"
[2023-01-19 23:41:52.964+01:00][14900][info] Image Loaded ( 1024,   32)A ".\enbseries\Include\Textures\Ebony.png"
[2023-01-19 23:42:19.760+01:00][14900][info] ENB_PostLoad
[2023-01-19 23:42:19.786+01:00][14900][info] Unbind lut:[ENBEFFECTPOSTPASS.FX|  Select Lut]
[2023-01-19 23:42:19.787+01:00][14900][info] Building [lut/ENBEFFECTPOSTPASS.FX/|  Select Lut]
[2023-01-19 23:42:19.787+01:00][14900][info] 
    Texture  Name:    [lut]
    Shader   Name:    [ENBEFFECTPOSTPASS.FX]
    Dropdown UIName:  [|  Select Lut]
    Param    UIName:  [|  Select Lut_p]

[2023-01-19 23:42:19.788+01:00][4560][info] Image Loaded ( 1024,   32)A ".\enbseries\Include\Textures\2Strip.png"
[2023-01-19 23:42:19.788+01:00][10864][info] Image Loaded ( 1024,   32)A ".\enbseries\Include\Textures\Desert.png"
[2023-01-19 23:42:19.789+01:00][11880][info] Image Loaded ( 1024,   32)A ".\enbseries\Include\Textures\Royal.png"
[2023-01-19 23:42:19.789+01:00][12064][info] Image Loaded ( 1024,   32)A ".\enbseries\Include\Textures\Vivid.png"
[2023-01-19 23:42:19.789+01:00][4560][info] Image Loaded ( 1024,   32)A ".\enbseries\Include\Textures\B&W.png"
[2023-01-19 23:42:19.790+01:00][5692][info] Image Loaded ( 1024,   32)A ".\enbseries\Include\Textures\Rainforest.png"
[2023-01-19 23:42:19.790+01:00][14900][info] Image Loaded ( 1024,   32)A ".\enbseries\Include\Textures\Ebony.png"
[2023-01-19 23:42:32.310+01:00][14900][info] ENB_PostSave
[2023-01-19 23:43:24.936+01:00][14900][info] ENB_PostLoad
[2023-01-19 23:43:24.961+01:00][14900][info] Unbind lut:[ENBEFFECTPOSTPASS.FX|  Select Lut]
[2023-01-19 23:43:24.961+01:00][14900][info] Building [lut/ENBEFFECTPOSTPASS.FX/|  Select Lut]
[2023-01-19 23:43:24.961+01:00][14900][info] 
    Texture  Name:    [lut]
    Shader   Name:    [ENBEFFECTPOSTPASS.FX]
    Dropdown UIName:  [|  Select Lut]
    Param    UIName:  [|  Select Lut_p]

[2023-01-19 23:43:24.964+01:00][5692][info] Image Loaded ( 1024,   32)A ".\enbseries\Include\Textures\2Strip.png"
[2023-01-19 23:43:24.964+01:00][4560][info] Image Loaded ( 1024,   32)A ".\enbseries\Include\Textures\Royal.png"
[2023-01-19 23:43:24.964+01:00][12064][info] Image Loaded ( 1024,   32)A ".\enbseries\Include\Textures\Desert.png"
[2023-01-19 23:43:24.964+01:00][10864][info] Image Loaded ( 1024,   32)A ".\enbseries\Include\Textures\Rainforest.png"
[2023-01-19 23:43:24.964+01:00][11880][info] Image Loaded ( 1024,   32)A ".\enbseries\Include\Textures\Vivid.png"
[2023-01-19 23:43:24.964+01:00][16180][info] Image Loaded ( 1024,   32)A ".\enbseries\Include\Textures\B&W.png"
[2023-01-19 23:43:24.966+01:00][14900][info] Image Loaded ( 1024,   32)A ".\enbseries\Include\Textures\Ebony.png"
[2023-01-19 23:43:42.187+01:00][14900][info] ENB_PostSave
[2023-01-19 23:43:55.327+01:00][14900][info] ENB_PostSave
[2023-01-19 23:44:01.601+01:00][14900][info] ENB_PostLoad
[2023-01-19 23:44:14.379+01:00][14900][info] ENB_PostLoad
[2023-01-19 23:44:14.404+01:00][14900][info] Unbind lut:[ENBEFFECTPOSTPASS.FX|  Select Lut]
[2023-01-19 23:44:14.404+01:00][14900][info] Building [lut/ENBEFFECTPOSTPASS.FX/|  Select Lut]
[2023-01-19 23:44:14.404+01:00][14900][info] 
    Texture  Name:    [lut]
    Shader   Name:    [ENBEFFECTPOSTPASS.FX]
    Dropdown UIName:  [|  Select Lut]
    Param    UIName:  [|  Select Lut_p]

[2023-01-19 23:44:14.406+01:00][16180][info] Image Loaded ( 1024,   32)A ".\enbseries\Include\Textures\2Strip.png"
[2023-01-19 23:44:14.406+01:00][14900][info] Image Loaded ( 1024,   32)A ".\enbseries\Include\Textures\Ebony.png"
[2023-01-19 23:44:14.406+01:00][11880][info] Image Loaded ( 1024,   32)A ".\enbseries\Include\Textures\Desert.png"
[2023-01-19 23:44:14.406+01:00][10864][info] Image Loaded ( 1024,   32)A ".\enbseries\Include\Textures\Royal.png"
[2023-01-19 23:44:14.407+01:00][5692][info] Image Loaded ( 1024,   32)A ".\enbseries\Include\Textures\B&W.png"
[2023-01-19 23:44:14.407+01:00][4560][info] Image Loaded ( 1024,   32)A ".\enbseries\Include\Textures\Rainforest.png"
[2023-01-19 23:44:14.407+01:00][12064][info] Image Loaded ( 1024,   32)A ".\enbseries\Include\Textures\Vivid.png"
[2023-01-19 23:45:31.358+01:00][14900][info] ENB_PostSave
[2023-01-19 23:46:40.249+01:00][14900][info] ENB_PostLoad
[2023-01-19 23:46:40.279+01:00][14900][info] Unbind lut:[ENBEFFECTPOSTPASS.FX|  Select Lut]
[2023-01-19 23:46:40.279+01:00][14900][info] Building [lut/ENBEFFECTPOSTPASS.FX/|  Select Lut]
[2023-01-19 23:46:40.279+01:00][14900][info] 
    Texture  Name:    [lut]
    Shader   Name:    [ENBEFFECTPOSTPASS.FX]
    Dropdown UIName:  [|  Select Lut]
    Param    UIName:  [|  Select Lut_p]

[2023-01-19 23:46:40.281+01:00][12064][info] Image Loaded ( 1024,   32)A ".\enbseries\Include\Textures\2Strip.png"
[2023-01-19 23:46:40.281+01:00][4560][info] Image Loaded ( 1024,   32)A ".\enbseries\Include\Textures\Desert.png"
[2023-01-19 23:46:40.281+01:00][6748][info] Image Loaded ( 1024,   32)A ".\enbseries\Include\Textures\Royal.png"
[2023-01-19 23:46:40.281+01:00][16868][info] Image Loaded ( 1024,   32)A ".\enbseries\Include\Textures\Vivid.png"
[2023-01-19 23:46:40.282+01:00][4560][info] Image Loaded ( 1024,   32)A ".\enbseries\Include\Textures\B&W.png"
[2023-01-19 23:46:40.282+01:00][12064][info] Image Loaded ( 1024,   32)A ".\enbseries\Include\Textures\Rainforest.png"
[2023-01-19 23:46:40.283+01:00][14900][info] Image Loaded ( 1024,   32)A ".\enbseries\Include\Textures\Ebony.png"
